0 info it worked if it ends with ok
1 verbose cli [ '/Users/chu/.nodebrew/node/v4.3.2/bin/node',
1 verbose cli   '/Users/chu/.nodebrew/current/bin/npm',
1 verbose cli   'run',
1 verbose cli   'watch' ]
2 info using npm@2.14.12
3 info using node@v4.3.2
4 verbose run-script [ 'prewatch', 'watch', 'postwatch' ]
5 info prewatch value-changing-monitor-frontend@0.0.1
6 info watch value-changing-monitor-frontend@0.0.1
7 verbose unsafe-perm in lifecycle true
8 info value-changing-monitor-frontend@0.0.1 Failed to exec watch script
9 verbose stack Error: value-changing-monitor-frontend@0.0.1 watch: `webpack --watch --progress --verbose`
9 verbose stack Exit status 1
9 verbose stack     at EventEmitter.<anonymous> (/Users/chu/.nodebrew/node/v4.3.2/lib/node_modules/npm/lib/utils/lifecycle.js:214:16)
9 verbose stack     at emitTwo (events.js:87:13)
9 verbose stack     at EventEmitter.emit (events.js:172:7)
9 verbose stack     at ChildProcess.<anonymous> (/Users/chu/.nodebrew/node/v4.3.2/lib/node_modules/npm/lib/utils/spawn.js:24:14)
9 verbose stack     at emitTwo (events.js:87:13)
9 verbose stack     at ChildProcess.emit (events.js:172:7)
9 verbose stack     at maybeClose (internal/child_process.js:821:16)
9 verbose stack     at Process.ChildProcess._handle.onexit (internal/child_process.js:211:5)
10 verbose pkgid value-changing-monitor-frontend@0.0.1
11 verbose cwd /Users/chu/node/value-changing-monitor/web
12 error Darwin 15.6.0
13 error argv "/Users/chu/.nodebrew/node/v4.3.2/bin/node" "/Users/chu/.nodebrew/current/bin/npm" "run" "watch"
14 error node v4.3.2
15 error npm  v2.14.12
16 error code ELIFECYCLE
17 error value-changing-monitor-frontend@0.0.1 watch: `webpack --watch --progress --verbose`
17 error Exit status 1
18 error Failed at the value-changing-monitor-frontend@0.0.1 watch script 'webpack --watch --progress --verbose'.
18 error This is most likely a problem with the value-changing-monitor-frontend package,
18 error not with npm itself.
18 error Tell the author that this fails on your system:
18 error     webpack --watch --progress --verbose
18 error You can get their info via:
18 error     npm owner ls value-changing-monitor-frontend
18 error There is likely additional logging output above.
19 verbose exit [ 1, true ]
